<?xml version="1.0" encoding="UTF-8"?>
<testsuite xmlns:xsi="http://www.w3.org/2001/XMLSchema-instance" xsi:noNamespaceSchemaLocation="https://maven.apache.org/surefire/maven-surefire-plugin/xsd/surefire-test-report.xsd" version="3.0.2" name="com.nd.simplewebapp.SimplewebappApplicationTests" time="5.909" tests="1" errors="0" skipped="0" failures="0">
  <properties>
[...]
</properties>
  <testcase name="contextLoads" classname="com.nd.simplewebapp.SimplewebappApplicationTests" time="1.276">
    <system-out><![CDATA[17:27:34.495 [main] INFO org.springframework.test.context.support.AnnotationConfigContextLoaderUtils -- Could not detect default configuration classes for test class [com.nd.simplewebapp.SimplewebappApplicationTests]: SimplewebappApplicationTests does not declare any static, non-private, non-final, nested classes annotated with @Configuration.
17:27:34.803 [main] INFO org.springframework.boot.test.context.SpringBootTestContextBootstrapper -- Found @SpringBootConfiguration com.nd.simplewebapp.SimplewebappApplication for test class com.nd.simplewebapp.SimplewebappApplicationTests
17:27:35.310 [main] INFO org.springframework.boot.devtools.restart.RestartApplicationListener -- Restart disabled due to context in which it is running

  .   ____          _            __ _ _
 /\\ / ___'_ __ _ _(_)_ __  __ _ \ \ \ \
( ( )\___ | '_ | '_| | '_ \/ _` | \ \ \ \
 \\/  ___)| |_)| | | | | || (_| |  ) ) ) )
  '  |____| .__|_| |_|_| |_\__, | / / / /
 =========|_|==============|___/=/_/_/_/

 :: Spring Boot ::                (v4.0.1)

2026-02-04T17:27:35.962+05:30  INFO 22516 --- [simplewebapp] [           main] c.n.s.SimplewebappApplicationTests       : Starting SimplewebappApplicationTests using Java 21.0.2 with PID 22516 (started by kunal in D:\SpringBoot\simplewebapp)
2026-02-04T17:27:35.965+05:30  INFO 22516 --- [simplewebapp] [           main] c.n.s.SimplewebappApplicationTests       : No active profile set, falling back to 1 default profile: "default"
2026-02-04T17:27:38.466+05:30  INFO 22516 --- [simplewebapp] [           main] c.n.s.SimplewebappApplicationTests       : Started SimplewebappApplicationTests in 3.205 seconds (process running for 6.692)
]]></system-out>
    <system-err><![CDATA[Mockito is currently self-attaching to enable the inline-mock-maker. This will no longer work in future releases of the JDK. Please add Mockito as an agent to your build as described in Mockito's documentation: https://javadoc.io/doc/org.mockito/mockito-core/latest/org.mockito/org/mockito/Mockito.html#0.3
WARNING: A Java agent has been loaded dynamically (C:\Users\kunal\.m2\repository\net\bytebuddy\byte-buddy-agent\1.17.8\byte-buddy-agent-1.17.8.jar)
WARNING: If a serviceability tool is in use, please run with -XX:+EnableDynamicAgentLoading to hide this warning
WARNING: If a serviceability tool is not in use, please run with -Djdk.instrument.traceUsage for more information
WARNING: Dynamic loading of agents will be disallowed by default in a future release
]]></system-err>
  </testcase>
</testsuite>